<?xml version="1.0" encoding="UTF-8"?>
<testng-results skipped="0" failed="0" ignored="0" total="1" passed="1">
  <reporter-output>
  </reporter-output>
  <suite name="MavenSuite" duration-ms="47" started-at="2020-02-09T08:11:10Z" finished-at="2020-02-09T08:11:10Z">
    <groups>
    </groups>
    <test name="MavenTest" duration-ms="47" started-at="2020-02-09T08:11:10Z" finished-at="2020-02-09T08:11:10Z">
      <class name="Practice_lex">
        <test-method status="PASS" signature="login(java.lang.String, java.lang.String, java.lang.String)[pri:1, instance:Practice_lex@cc285f4]" name="login" duration-ms="15" started-at="2020-02-09T13:41:10Z" finished-at="2020-02-09T13:41:10Z">
          <params>
            <param index="0">
              <value>
                <![CDATA[123]]>
              </value>
            </param>
            <param index="1">
              <value>
                <![CDATA[123456]]>
              </value>
            </param>
            <param index="2">
              <value>
                <![CDATA[123789]]>
              </value>
            </param>
          </params>
          <reporter-output>
          </reporter-output>
        </test-method> <!-- login -->
      </class> <!-- Practice_lex -->
    </test> <!-- MavenTest -->
  </suite> <!-- MavenSuite -->
</testng-results>
